<!doctype html>
<html lang="">
<head>
    <meta charset="UTF-8">
    <meta name="viewport"
          content="width=device-width, user-scalable=no, initial-scale=1.0, maximum-scale=1.0, minimum-scale=1.0">
    <meta http-equiv="X-UA-Compatible" content="ie=edge">
    <title>Test Results Report - Default test</title>

    <link href="reportng.css" rel="stylesheet" type="text/css"/>
</head>
<body>
<div id="meta">
Generated by <a href="http://www.testng.org" target="_blank">TestNG</a> with <a href="https://github.com/testng-team/reportng" target="_blank">ReportNG</a>
at 22:05 PKT on Tuesday 13 December 2022
    <br/><span
    id="systemInfo">hp@JUNAID-LTP&nbsp;/&nbsp;Java 19.0.1 (Oracle Corporation)&nbsp;/&nbsp;Windows 10 10.0 (amd64)</span>
</div>
<h1>Default test</h1>

<p>
    <a href="index.html">Suites</a>
        &#183; <a href="output.html">Log Output</a>
</p>

<p>Test duration
    : 1166.996s</p>


    <table class="resultsTable">
        <tr>
            <th colspan="3" class="header failed">Failed Tests</th>
        </tr>
            <tr>
                <td class="group" colspan="3">com.neracloud.testcases.VerifyDocument</td>
            </tr>
    <tr>
        <td class="method">
                TC002_VerifyPermanentExtraAgreementSections
        </td>
        <td class="duration">
            181.291s
        </td>
        <td class="result">
            <!-- Display the dependencies for skipped test methods -->


            <!-- Show logger output for the test -->

                <a href="javascript:toggleElement('exception-0', 'block')"
                   title="Click to expand/collapse">
                    <b>org.openqa.selenium.TimeoutException: java.util.concurrent.TimeoutException<br/>
Build info: version: &apos;4.6.0&apos;, revision: &apos;79f1c02ae20&apos;<br/>
System info: os.name: &apos;Windows 10&apos;, os.arch: &apos;amd64&apos;, os.version: &apos;10.0&apos;, java.version: &apos;19.0.1&apos;<br/>
Driver info: org.openqa.selenium.chrome.ChromeDriver<br/>
Command: [92390da5bb9567eac5d6861542eb1f4b, get {url=https://offshore-dev.e-tools.com.au/eToolsGateway/Login}]<br/>
Capabilities {acceptInsecureCerts: false, browserName: chrome, browserVersion: 108.0.5359.99, chrome: {chromedriverVersion: 108.0.5359.71 (1e0e3868ee06..., userDataDir: C:\Users\hp\AppData\Local\T...}, goog:chromeOptions: {debuggerAddress: localhost:62551}, networkConnectionEnabled: false, pageLoadStrategy: normal, platformName: WINDOWS, proxy: Proxy(), se:cdp: ws://localhost:62551/devtoo..., se:cdpVersion: 108.0.5359.99, setWindowRect: true, strictFileInteractability: false, timeouts: {implicit: 0, pageLoad: 300000, script: 30000}, unhandledPromptBehavior: dismiss and notify, webauthn:extension:credBlob: true, webauthn:extension:largeBlob: true, webauthn:virtualAuthenticators: true}<br/>
Session ID: 92390da5bb9567eac5d6861542eb1f4b</b>
                </a>
                <br/>
                <div class="stackTrace" id="exception-0">
                        org.openqa.selenium.remote.http.netty.NettyHttpHandler.makeCall(NettyHttpHandler.java:65)<br/>
                        org.openqa.selenium.remote.http.AddSeleniumUserAgent.lambda$apply$0(AddSeleniumUserAgent.java:42)<br/>
                        org.openqa.selenium.remote.http.Filter.lambda$andFinally$1(Filter.java:56)<br/>
                        org.openqa.selenium.remote.http.netty.NettyHttpHandler.execute(NettyHttpHandler.java:49)<br/>
                        org.openqa.selenium.remote.http.AddSeleniumUserAgent.lambda$apply$0(AddSeleniumUserAgent.java:42)<br/>
                        org.openqa.selenium.remote.http.Filter.lambda$andFinally$1(Filter.java:56)<br/>
                        org.openqa.selenium.remote.http.netty.NettyClient.execute(NettyClient.java:99)<br/>
                        org.openqa.selenium.remote.HttpCommandExecutor.execute(HttpCommandExecutor.java:181)<br/>
                        org.openqa.selenium.remote.service.DriverCommandExecutor.invokeExecute(DriverCommandExecutor.java:167)<br/>
                        org.openqa.selenium.remote.service.DriverCommandExecutor.execute(DriverCommandExecutor.java:142)<br/>
                        org.openqa.selenium.remote.RemoteWebDriver.execute(RemoteWebDriver.java:541)<br/>
                        org.openqa.selenium.remote.RemoteWebDriver.get(RemoteWebDriver.java:310)<br/>
                        Utls.BrowserFactory.startBrowser(BrowserFactory.java:34)<br/>
                        com.neracloud.testcases.VerifyDocument.TC002_VerifyPermanentExtraAgreementSections(VerifyDocument.java:395)<br/>
                        java.base/jdk.internal.reflect.DirectMethodHandleAccessor.invoke(DirectMethodHandleAccessor.java:104)<br/>
                        java.base/java.lang.reflect.Method.invoke(Method.java:578)<br/>
                        org.testng.internal.MethodInvocationHelper.invokeMethod(MethodInvocationHelper.java:133)<br/>
                        org.testng.internal.TestInvoker.invokeMethod(TestInvoker.java:598)<br/>
                        org.testng.internal.TestInvoker.invokeTestMethod(TestInvoker.java:173)<br/>
                        org.testng.internal.MethodRunner.runInSequence(MethodRunner.java:46)<br/>
                        org.testng.internal.TestInvoker$MethodInvocationAgent.invoke(TestInvoker.java:824)<br/>
                        org.testng.internal.TestInvoker.invokeTestMethods(TestInvoker.java:146)<br/>
                        org.testng.internal.TestMethodWorker.invokeTestMethods(TestMethodWorker.java:146)<br/>
                        org.testng.internal.TestMethodWorker.run(TestMethodWorker.java:128)<br/>
                        java.base/java.util.ArrayList.forEach(ArrayList.java:1511)<br/>
                        org.testng.TestRunner.privateRun(TestRunner.java:794)<br/>
                        org.testng.TestRunner.run(TestRunner.java:596)<br/>
                        org.testng.SuiteRunner.runTest(SuiteRunner.java:377)<br/>
                        org.testng.SuiteRunner.runSequentially(SuiteRunner.java:371)<br/>
                        org.testng.SuiteRunner.privateRun(SuiteRunner.java:332)<br/>
                        org.testng.SuiteRunner.run(SuiteRunner.java:276)<br/>
                        org.testng.SuiteRunnerWorker.runSuite(SuiteRunnerWorker.java:53)<br/>
                        org.testng.SuiteRunnerWorker.run(SuiteRunnerWorker.java:96)<br/>
                        org.testng.TestNG.runSuitesSequentially(TestNG.java:1212)<br/>
                        org.testng.TestNG.runSuitesLocally(TestNG.java:1134)<br/>
                        org.testng.TestNG.runSuites(TestNG.java:1063)<br/>
                        org.testng.TestNG.run(TestNG.java:1031)<br/>
                        org.testng.remote.AbstractRemoteTestNG.run(AbstractRemoteTestNG.java:115)<br/>
                        org.testng.remote.RemoteTestNG.initAndRun(RemoteTestNG.java:251)<br/>
                        org.testng.remote.RemoteTestNG.main(RemoteTestNG.java:77)<br/>
                        <b>Caused by: </b>
                        <a href="javascript:toggleElement('exception-1', 'block')"
                           title="Click to expand/collapse">
                            java.util.concurrent.TimeoutException
                        </a>
                        <br/>
                        <div class="stackTrace" id="exception-1">
                                java.base/java.util.concurrent.CompletableFuture.timedGet(CompletableFuture.java:1960)<br/>
                                java.base/java.util.concurrent.CompletableFuture.get(CompletableFuture.java:2095)<br/>
                                org.asynchttpclient.netty.NettyResponseFuture.get(NettyResponseFuture.java:206)<br/>
                                org.openqa.selenium.remote.http.netty.NettyHttpHandler.makeCall(NettyHttpHandler.java:59)<br/>
                                org.openqa.selenium.remote.http.AddSeleniumUserAgent.lambda$apply$0(AddSeleniumUserAgent.java:42)<br/>
                                org.openqa.selenium.remote.http.Filter.lambda$andFinally$1(Filter.java:56)<br/>
                                org.openqa.selenium.remote.http.netty.NettyHttpHandler.execute(NettyHttpHandler.java:49)<br/>
                                org.openqa.selenium.remote.http.AddSeleniumUserAgent.lambda$apply$0(AddSeleniumUserAgent.java:42)<br/>
                                org.openqa.selenium.remote.http.Filter.lambda$andFinally$1(Filter.java:56)<br/>
                                org.openqa.selenium.remote.http.netty.NettyClient.execute(NettyClient.java:99)<br/>
                                org.openqa.selenium.remote.HttpCommandExecutor.execute(HttpCommandExecutor.java:181)<br/>
                                org.openqa.selenium.remote.service.DriverCommandExecutor.invokeExecute(DriverCommandExecutor.java:167)<br/>
                                org.openqa.selenium.remote.service.DriverCommandExecutor.execute(DriverCommandExecutor.java:142)<br/>
                                org.openqa.selenium.remote.RemoteWebDriver.execute(RemoteWebDriver.java:541)<br/>
                                org.openqa.selenium.remote.RemoteWebDriver.get(RemoteWebDriver.java:310)<br/>
                                Utls.BrowserFactory.startBrowser(BrowserFactory.java:34)<br/>
                                com.neracloud.testcases.VerifyDocument.TC002_VerifyPermanentExtraAgreementSections(VerifyDocument.java:395)<br/>
                                java.base/jdk.internal.reflect.DirectMethodHandleAccessor.invoke(DirectMethodHandleAccessor.java:104)<br/>
                                java.base/java.lang.reflect.Method.invoke(Method.java:578)<br/>
                                org.testng.internal.MethodInvocationHelper.invokeMethod(MethodInvocationHelper.java:133)<br/>
                                org.testng.internal.TestInvoker.invokeMethod(TestInvoker.java:598)<br/>
                                org.testng.internal.TestInvoker.invokeTestMethod(TestInvoker.java:173)<br/>
                                org.testng.internal.MethodRunner.runInSequence(MethodRunner.java:46)<br/>
                                org.testng.internal.TestInvoker$MethodInvocationAgent.invoke(TestInvoker.java:824)<br/>
                                org.testng.internal.TestInvoker.invokeTestMethods(TestInvoker.java:146)<br/>
                                org.testng.internal.TestMethodWorker.invokeTestMethods(TestMethodWorker.java:146)<br/>
                                org.testng.internal.TestMethodWorker.run(TestMethodWorker.java:128)<br/>
                                java.base/java.util.ArrayList.forEach(ArrayList.java:1511)<br/>
                                org.testng.TestRunner.privateRun(TestRunner.java:794)<br/>
                                org.testng.TestRunner.run(TestRunner.java:596)<br/>
                                org.testng.SuiteRunner.runTest(SuiteRunner.java:377)<br/>
                                org.testng.SuiteRunner.runSequentially(SuiteRunner.java:371)<br/>
                                org.testng.SuiteRunner.privateRun(SuiteRunner.java:332)<br/>
                                org.testng.SuiteRunner.run(SuiteRunner.java:276)<br/>
                                org.testng.SuiteRunnerWorker.runSuite(SuiteRunnerWorker.java:53)<br/>
                                org.testng.SuiteRunnerWorker.run(SuiteRunnerWorker.java:96)<br/>
                                org.testng.TestNG.runSuitesSequentially(TestNG.java:1212)<br/>
                                org.testng.TestNG.runSuitesLocally(TestNG.java:1134)<br/>
                                org.testng.TestNG.runSuites(TestNG.java:1063)<br/>
                                org.testng.TestNG.run(TestNG.java:1031)<br/>
                                org.testng.remote.AbstractRemoteTestNG.run(AbstractRemoteTestNG.java:115)<br/>
                                org.testng.remote.RemoteTestNG.initAndRun(RemoteTestNG.java:251)<br/>
                                org.testng.remote.RemoteTestNG.main(RemoteTestNG.java:77)<br/>
                        </div>
                </div>
        </td>
    </tr>
    <tr>
        <td class="method">
                TC003_VerifyRespiteAgreementSections
        </td>
        <td class="duration">
            373.528s
        </td>
        <td class="result">
            <!-- Display the dependencies for skipped test methods -->


            <!-- Show logger output for the test -->

                <a href="javascript:toggleElement('exception-2', 'block')"
                   title="Click to expand/collapse">
                    <b>org.openqa.selenium.ElementClickInterceptedException: element click intercepted: Element &lt;li id=&quot;step_7&quot; class=&quot;form-wizard-step-todo&quot; value=&quot;7&quot;&gt;...&lt;/li&gt; is not clickable at point (1392, 199). Other element would receive the click: &lt;div class=&quot;loaderContainer&quot; style=&quot;display: block;&quot;&gt;...&lt;/div&gt;<br/>
&nbsp; (Session info: chrome=108.0.5359.99)<br/>
Build info: version: &apos;4.6.0&apos;, revision: &apos;79f1c02ae20&apos;<br/>
System info: os.name: &apos;Windows 10&apos;, os.arch: &apos;amd64&apos;, os.version: &apos;10.0&apos;, java.version: &apos;19.0.1&apos;<br/>
Driver info: org.openqa.selenium.chrome.ChromeDriver<br/>
Command: [0fee01ea4e260693761fa3c8a0bfa471, clickElement {id=63fa1f40-1396-423b-b4d8-736eaa3b8dfa}]<br/>
Capabilities {acceptInsecureCerts: false, browserName: chrome, browserVersion: 108.0.5359.99, chrome: {chromedriverVersion: 108.0.5359.71 (1e0e3868ee06..., userDataDir: C:\Users\hp\AppData\Local\T...}, goog:chromeOptions: {debuggerAddress: localhost:62667}, networkConnectionEnabled: false, pageLoadStrategy: normal, platformName: WINDOWS, proxy: Proxy(), se:cdp: ws://localhost:62667/devtoo..., se:cdpVersion: 108.0.5359.99, setWindowRect: true, strictFileInteractability: false, timeouts: {implicit: 0, pageLoad: 300000, script: 30000}, unhandledPromptBehavior: dismiss and notify, webauthn:extension:credBlob: true, webauthn:extension:largeBlob: true, webauthn:virtualAuthenticators: true}<br/>
Element: [[ChromeDriver: chrome on WINDOWS (0fee01ea4e260693761fa3c8a0bfa471)] -&gt; id: step_7]<br/>
Session ID: 0fee01ea4e260693761fa3c8a0bfa471</b>
                </a>
                <br/>
                <div class="stackTrace" id="exception-2">
                        java.base/jdk.internal.reflect.DirectConstructorHandleAccessor.newInstance(DirectConstructorHandleAccessor.java:67)<br/>
                        java.base/java.lang.reflect.Constructor.newInstanceWithCaller(Constructor.java:500)<br/>
                        java.base/java.lang.reflect.Constructor.newInstance(Constructor.java:484)<br/>
                        org.openqa.selenium.remote.codec.w3c.W3CHttpResponseCodec.createException(W3CHttpResponseCodec.java:200)<br/>
                        org.openqa.selenium.remote.codec.w3c.W3CHttpResponseCodec.decode(W3CHttpResponseCodec.java:133)<br/>
                        org.openqa.selenium.remote.codec.w3c.W3CHttpResponseCodec.decode(W3CHttpResponseCodec.java:53)<br/>
                        org.openqa.selenium.remote.HttpCommandExecutor.execute(HttpCommandExecutor.java:184)<br/>
                        org.openqa.selenium.remote.service.DriverCommandExecutor.invokeExecute(DriverCommandExecutor.java:167)<br/>
                        org.openqa.selenium.remote.service.DriverCommandExecutor.execute(DriverCommandExecutor.java:142)<br/>
                        org.openqa.selenium.remote.RemoteWebDriver.execute(RemoteWebDriver.java:541)<br/>
                        org.openqa.selenium.remote.RemoteWebElement.execute(RemoteWebElement.java:257)<br/>
                        org.openqa.selenium.remote.RemoteWebElement.click(RemoteWebElement.java:78)<br/>
                        com.neracloud.testcases.VerifyDocument.TC003_VerifyRespiteAgreementSections(VerifyDocument.java:881)<br/>
                        java.base/jdk.internal.reflect.DirectMethodHandleAccessor.invoke(DirectMethodHandleAccessor.java:104)<br/>
                        java.base/java.lang.reflect.Method.invoke(Method.java:578)<br/>
                        org.testng.internal.MethodInvocationHelper.invokeMethod(MethodInvocationHelper.java:133)<br/>
                        org.testng.internal.TestInvoker.invokeMethod(TestInvoker.java:598)<br/>
                        org.testng.internal.TestInvoker.invokeTestMethod(TestInvoker.java:173)<br/>
                        org.testng.internal.MethodRunner.runInSequence(MethodRunner.java:46)<br/>
                        org.testng.internal.TestInvoker$MethodInvocationAgent.invoke(TestInvoker.java:824)<br/>
                        org.testng.internal.TestInvoker.invokeTestMethods(TestInvoker.java:146)<br/>
                        org.testng.internal.TestMethodWorker.invokeTestMethods(TestMethodWorker.java:146)<br/>
                        org.testng.internal.TestMethodWorker.run(TestMethodWorker.java:128)<br/>
                        java.base/java.util.ArrayList.forEach(ArrayList.java:1511)<br/>
                        org.testng.TestRunner.privateRun(TestRunner.java:794)<br/>
                        org.testng.TestRunner.run(TestRunner.java:596)<br/>
                        org.testng.SuiteRunner.runTest(SuiteRunner.java:377)<br/>
                        org.testng.SuiteRunner.runSequentially(SuiteRunner.java:371)<br/>
                        org.testng.SuiteRunner.privateRun(SuiteRunner.java:332)<br/>
                        org.testng.SuiteRunner.run(SuiteRunner.java:276)<br/>
                        org.testng.SuiteRunnerWorker.runSuite(SuiteRunnerWorker.java:53)<br/>
                        org.testng.SuiteRunnerWorker.run(SuiteRunnerWorker.java:96)<br/>
                        org.testng.TestNG.runSuitesSequentially(TestNG.java:1212)<br/>
                        org.testng.TestNG.runSuitesLocally(TestNG.java:1134)<br/>
                        org.testng.TestNG.runSuites(TestNG.java:1063)<br/>
                        org.testng.TestNG.run(TestNG.java:1031)<br/>
                        org.testng.remote.AbstractRemoteTestNG.run(AbstractRemoteTestNG.java:115)<br/>
                        org.testng.remote.RemoteTestNG.initAndRun(RemoteTestNG.java:251)<br/>
                        org.testng.remote.RemoteTestNG.main(RemoteTestNG.java:77)<br/>
                </div>
        </td>
    </tr>
    <tr>
        <td class="method">
                TC004_VerifyRespiteExtraAgreementSections
        </td>
        <td class="duration">
            181.336s
        </td>
        <td class="result">
            <!-- Display the dependencies for skipped test methods -->


            <!-- Show logger output for the test -->

                <a href="javascript:toggleElement('exception-3', 'block')"
                   title="Click to expand/collapse">
                    <b>org.openqa.selenium.TimeoutException: java.util.concurrent.TimeoutException<br/>
Build info: version: &apos;4.6.0&apos;, revision: &apos;79f1c02ae20&apos;<br/>
System info: os.name: &apos;Windows 10&apos;, os.arch: &apos;amd64&apos;, os.version: &apos;10.0&apos;, java.version: &apos;19.0.1&apos;<br/>
Driver info: org.openqa.selenium.chrome.ChromeDriver<br/>
Command: [29ae9f67f61f1139f6625a47dd476f24, get {url=https://offshore-dev.e-tools.com.au/eToolsGateway/Login}]<br/>
Capabilities {acceptInsecureCerts: false, browserName: chrome, browserVersion: 108.0.5359.99, chrome: {chromedriverVersion: 108.0.5359.71 (1e0e3868ee06..., userDataDir: C:\Users\hp\AppData\Local\T...}, goog:chromeOptions: {debuggerAddress: localhost:62777}, networkConnectionEnabled: false, pageLoadStrategy: normal, platformName: WINDOWS, proxy: Proxy(), se:cdp: ws://localhost:62777/devtoo..., se:cdpVersion: 108.0.5359.99, setWindowRect: true, strictFileInteractability: false, timeouts: {implicit: 0, pageLoad: 300000, script: 30000}, unhandledPromptBehavior: dismiss and notify, webauthn:extension:credBlob: true, webauthn:extension:largeBlob: true, webauthn:virtualAuthenticators: true}<br/>
Session ID: 29ae9f67f61f1139f6625a47dd476f24</b>
                </a>
                <br/>
                <div class="stackTrace" id="exception-3">
                        org.openqa.selenium.remote.http.netty.NettyHttpHandler.makeCall(NettyHttpHandler.java:65)<br/>
                        org.openqa.selenium.remote.http.AddSeleniumUserAgent.lambda$apply$0(AddSeleniumUserAgent.java:42)<br/>
                        org.openqa.selenium.remote.http.Filter.lambda$andFinally$1(Filter.java:56)<br/>
                        org.openqa.selenium.remote.http.netty.NettyHttpHandler.execute(NettyHttpHandler.java:49)<br/>
                        org.openqa.selenium.remote.http.AddSeleniumUserAgent.lambda$apply$0(AddSeleniumUserAgent.java:42)<br/>
                        org.openqa.selenium.remote.http.Filter.lambda$andFinally$1(Filter.java:56)<br/>
                        org.openqa.selenium.remote.http.netty.NettyClient.execute(NettyClient.java:99)<br/>
                        org.openqa.selenium.remote.HttpCommandExecutor.execute(HttpCommandExecutor.java:181)<br/>
                        org.openqa.selenium.remote.service.DriverCommandExecutor.invokeExecute(DriverCommandExecutor.java:167)<br/>
                        org.openqa.selenium.remote.service.DriverCommandExecutor.execute(DriverCommandExecutor.java:142)<br/>
                        org.openqa.selenium.remote.RemoteWebDriver.execute(RemoteWebDriver.java:541)<br/>
                        org.openqa.selenium.remote.RemoteWebDriver.get(RemoteWebDriver.java:310)<br/>
                        Utls.BrowserFactory.startBrowser(BrowserFactory.java:34)<br/>
                        com.neracloud.testcases.VerifyDocument.TC004_VerifyRespiteExtraAgreementSections(VerifyDocument.java:1004)<br/>
                        java.base/jdk.internal.reflect.DirectMethodHandleAccessor.invoke(DirectMethodHandleAccessor.java:104)<br/>
                        java.base/java.lang.reflect.Method.invoke(Method.java:578)<br/>
                        org.testng.internal.MethodInvocationHelper.invokeMethod(MethodInvocationHelper.java:133)<br/>
                        org.testng.internal.TestInvoker.invokeMethod(TestInvoker.java:598)<br/>
                        org.testng.internal.TestInvoker.invokeTestMethod(TestInvoker.java:173)<br/>
                        org.testng.internal.MethodRunner.runInSequence(MethodRunner.java:46)<br/>
                        org.testng.internal.TestInvoker$MethodInvocationAgent.invoke(TestInvoker.java:824)<br/>
                        org.testng.internal.TestInvoker.invokeTestMethods(TestInvoker.java:146)<br/>
                        org.testng.internal.TestMethodWorker.invokeTestMethods(TestMethodWorker.java:146)<br/>
                        org.testng.internal.TestMethodWorker.run(TestMethodWorker.java:128)<br/>
                        java.base/java.util.ArrayList.forEach(ArrayList.java:1511)<br/>
                        org.testng.TestRunner.privateRun(TestRunner.java:794)<br/>
                        org.testng.TestRunner.run(TestRunner.java:596)<br/>
                        org.testng.SuiteRunner.runTest(SuiteRunner.java:377)<br/>
                        org.testng.SuiteRunner.runSequentially(SuiteRunner.java:371)<br/>
                        org.testng.SuiteRunner.privateRun(SuiteRunner.java:332)<br/>
                        org.testng.SuiteRunner.run(SuiteRunner.java:276)<br/>
                        org.testng.SuiteRunnerWorker.runSuite(SuiteRunnerWorker.java:53)<br/>
                        org.testng.SuiteRunnerWorker.run(SuiteRunnerWorker.java:96)<br/>
                        org.testng.TestNG.runSuitesSequentially(TestNG.java:1212)<br/>
                        org.testng.TestNG.runSuitesLocally(TestNG.java:1134)<br/>
                        org.testng.TestNG.runSuites(TestNG.java:1063)<br/>
                        org.testng.TestNG.run(TestNG.java:1031)<br/>
                        org.testng.remote.AbstractRemoteTestNG.run(AbstractRemoteTestNG.java:115)<br/>
                        org.testng.remote.RemoteTestNG.initAndRun(RemoteTestNG.java:251)<br/>
                        org.testng.remote.RemoteTestNG.main(RemoteTestNG.java:77)<br/>
                        <b>Caused by: </b>
                        <a href="javascript:toggleElement('exception-4', 'block')"
                           title="Click to expand/collapse">
                            java.util.concurrent.TimeoutException
                        </a>
                        <br/>
                        <div class="stackTrace" id="exception-4">
                                java.base/java.util.concurrent.CompletableFuture.timedGet(CompletableFuture.java:1960)<br/>
                                java.base/java.util.concurrent.CompletableFuture.get(CompletableFuture.java:2095)<br/>
                                org.asynchttpclient.netty.NettyResponseFuture.get(NettyResponseFuture.java:206)<br/>
                                org.openqa.selenium.remote.http.netty.NettyHttpHandler.makeCall(NettyHttpHandler.java:59)<br/>
                                org.openqa.selenium.remote.http.AddSeleniumUserAgent.lambda$apply$0(AddSeleniumUserAgent.java:42)<br/>
                                org.openqa.selenium.remote.http.Filter.lambda$andFinally$1(Filter.java:56)<br/>
                                org.openqa.selenium.remote.http.netty.NettyHttpHandler.execute(NettyHttpHandler.java:49)<br/>
                                org.openqa.selenium.remote.http.AddSeleniumUserAgent.lambda$apply$0(AddSeleniumUserAgent.java:42)<br/>
                                org.openqa.selenium.remote.http.Filter.lambda$andFinally$1(Filter.java:56)<br/>
                                org.openqa.selenium.remote.http.netty.NettyClient.execute(NettyClient.java:99)<br/>
                                org.openqa.selenium.remote.HttpCommandExecutor.execute(HttpCommandExecutor.java:181)<br/>
                                org.openqa.selenium.remote.service.DriverCommandExecutor.invokeExecute(DriverCommandExecutor.java:167)<br/>
                                org.openqa.selenium.remote.service.DriverCommandExecutor.execute(DriverCommandExecutor.java:142)<br/>
                                org.openqa.selenium.remote.RemoteWebDriver.execute(RemoteWebDriver.java:541)<br/>
                                org.openqa.selenium.remote.RemoteWebDriver.get(RemoteWebDriver.java:310)<br/>
                                Utls.BrowserFactory.startBrowser(BrowserFactory.java:34)<br/>
                                com.neracloud.testcases.VerifyDocument.TC004_VerifyRespiteExtraAgreementSections(VerifyDocument.java:1004)<br/>
                                java.base/jdk.internal.reflect.DirectMethodHandleAccessor.invoke(DirectMethodHandleAccessor.java:104)<br/>
                                java.base/java.lang.reflect.Method.invoke(Method.java:578)<br/>
                                org.testng.internal.MethodInvocationHelper.invokeMethod(MethodInvocationHelper.java:133)<br/>
                                org.testng.internal.TestInvoker.invokeMethod(TestInvoker.java:598)<br/>
                                org.testng.internal.TestInvoker.invokeTestMethod(TestInvoker.java:173)<br/>
                                org.testng.internal.MethodRunner.runInSequence(MethodRunner.java:46)<br/>
                                org.testng.internal.TestInvoker$MethodInvocationAgent.invoke(TestInvoker.java:824)<br/>
                                org.testng.internal.TestInvoker.invokeTestMethods(TestInvoker.java:146)<br/>
                                org.testng.internal.TestMethodWorker.invokeTestMethods(TestMethodWorker.java:146)<br/>
                                org.testng.internal.TestMethodWorker.run(TestMethodWorker.java:128)<br/>
                                java.base/java.util.ArrayList.forEach(ArrayList.java:1511)<br/>
                                org.testng.TestRunner.privateRun(TestRunner.java:794)<br/>
                                org.testng.TestRunner.run(TestRunner.java:596)<br/>
                                org.testng.SuiteRunner.runTest(SuiteRunner.java:377)<br/>
                                org.testng.SuiteRunner.runSequentially(SuiteRunner.java:371)<br/>
                                org.testng.SuiteRunner.privateRun(SuiteRunner.java:332)<br/>
                                org.testng.SuiteRunner.run(SuiteRunner.java:276)<br/>
                                org.testng.SuiteRunnerWorker.runSuite(SuiteRunnerWorker.java:53)<br/>
                                org.testng.SuiteRunnerWorker.run(SuiteRunnerWorker.java:96)<br/>
                                org.testng.TestNG.runSuitesSequentially(TestNG.java:1212)<br/>
                                org.testng.TestNG.runSuitesLocally(TestNG.java:1134)<br/>
                                org.testng.TestNG.runSuites(TestNG.java:1063)<br/>
                                org.testng.TestNG.run(TestNG.java:1031)<br/>
                                org.testng.remote.AbstractRemoteTestNG.run(AbstractRemoteTestNG.java:115)<br/>
                                org.testng.remote.RemoteTestNG.initAndRun(RemoteTestNG.java:251)<br/>
                                org.testng.remote.RemoteTestNG.main(RemoteTestNG.java:77)<br/>
                        </div>
                </div>
        </td>
    </tr>
    </table>


    <table class="resultsTable" width="100%">
        <tr>
            <th colspan="3" class="header passed">Passed Tests</th>
        </tr>
            <tr>
                <td class="group" colspan="3">com.neracloud.testcases.VerifyDocument</td>
            </tr>
    <tr>
        <td class="method">
                TC001_VerifyPermanentAgreementSections
        </td>
        <td class="duration">
            430.841s
        </td>
        <td class="result">
            <!-- Display the dependencies for skipped test methods -->


            <!-- Show logger output for the test -->

        </td>
    </tr>
    </table>

<script type="text/javascript" src="reportng.js"></script>
</body>
